{"C:\\Users\\acer\\Documents\\CIVIC-COMPASS\\backend\\src\\prompts\\checklistPrompt.ts": {"path":"C:\\Users\\acer\\Documents\\CIVIC-COMPASS\\backend\\src\\prompts\\checklistPrompt.ts","statementMap":{"0":{"start":{"line":24,"column":0},"end":{"line":24,"column":16}},"1":{"start":{"line":29,"column":22},"end":{"line":29,"column":54}},"2":{"start":{"line":30,"column":22},"end":{"line":30,"column":59}},"3":{"start":{"line":32,"column":2},"end":{"line":70,"column":41}}},"fnMap":{"0":{"name":"buildChecklistPrompt","decl":{"start":{"line":24,"column":16},"end":{"line":24,"column":36}},"loc":{"start":{"line":27,"column":30},"end":{"line":71,"column":1}}}},"branchMap":{"0":{"loc":{"start":{"line":27,"column":2},"end":{"line":27,"column":30}},"type":"default-arg","locations":[{"start":{"line":27,"column":21},"end":{"line":27,"column":30}}]}},"s":{"0":1,"1":4,"2":4,"3":4},"f":{"0":4},"b":{"0":[4]}}
,"C:\\Users\\acer\\Documents\\CIVIC-COMPASS\\backend\\src\\prompts\\factcheckPrompt.ts": {"path":"C:\\Users\\acer\\Documents\\CIVIC-COMPASS\\backend\\src\\prompts\\factcheckPrompt.ts","statementMap":{"0":{"start":{"line":16,"column":0},"end":{"line":16,"column":16}},"1":{"start":{"line":21,"column":23},"end":{"line":23,"column":99}},"2":{"start":{"line":25,"column":2},"end":{"line":60,"column":51}}},"fnMap":{"0":{"name":"buildFactcheckPrompt","decl":{"start":{"line":16,"column":16},"end":{"line":16,"column":36}},"loc":{"start":{"line":19,"column":30},"end":{"line":61,"column":1}}}},"branchMap":{"0":{"loc":{"start":{"line":19,"column":2},"end":{"line":19,"column":30}},"type":"default-arg","locations":[{"start":{"line":19,"column":21},"end":{"line":19,"column":30}}]},"1":{"loc":{"start":{"line":21,"column":23},"end":{"line":23,"column":99}},"type":"cond-expr","locations":[{"start":{"line":22,"column":6},"end":{"line":22,"column":93}},{"start":{"line":23,"column":6},"end":{"line":23,"column":99}}]}},"s":{"0":1,"1":4,"2":4},"f":{"0":4},"b":{"0":[4],"1":[4,0]}}
,"C:\\Users\\acer\\Documents\\CIVIC-COMPASS\\backend\\src\\services\\civicDataService.ts": {"path":"C:\\Users\\acer\\Documents\\CIVIC-COMPASS\\backend\\src\\services\\civicDataService.ts","statementMap":{"0":{"start":{"line":90,"column":0},"end":{"line":90,"column":16}},"1":{"start":{"line":101,"column":0},"end":{"line":101,"column":16}},"2":{"start":{"line":109,"column":0},"end":{"line":109,"column":7}},"3":{"start":{"line":135,"column":0},"end":{"line":135,"column":7}},"4":{"start":{"line":14,"column":53},"end":{"line":66,"column":2}},"5":{"start":{"line":70,"column":52},"end":{"line":85,"column":2}},"6":{"start":{"line":91,"column":21},"end":{"line":91,"column":47}},"7":{"start":{"line":92,"column":2},"end":{"line":94,"column":3}},"8":{"start":{"line":93,"column":4},"end":{"line":93,"column":36}},"9":{"start":{"line":95,"column":2},"end":{"line":95,"column":76}},"10":{"start":{"line":102,"column":2},"end":{"line":102,"column":81}},"11":{"start":{"line":113,"column":16},"end":{"line":113,"column":55}},"12":{"start":{"line":113,"column":46},"end":{"line":113,"column":54}},"13":{"start":{"line":114,"column":20},"end":{"line":114,"column":82}},"14":{"start":{"line":115,"column":20},"end":{"line":115,"column":63}},"15":{"start":{"line":116,"column":17},"end":{"line":116,"column":79}},"16":{"start":{"line":117,"column":26},"end":{"line":117,"column":60}},"17":{"start":{"line":119,"column":2},"end":{"line":128,"column":4}},"18":{"start":{"line":138,"column":17},"end":{"line":138,"column":49}},"19":{"start":{"line":140,"column":2},"end":{"line":147,"column":3}},"20":{"start":{"line":141,"column":4},"end":{"line":141,"column":88}},"21":{"start":{"line":142,"column":4},"end":{"line":146,"column":6}},"22":{"start":{"line":149,"column":2},"end":{"line":166,"column":3}},"23":{"start":{"line":150,"column":16},"end":{"line":150,"column":76}},"24":{"start":{"line":151,"column":4},"end":{"line":151,"column":40}},"25":{"start":{"line":152,"column":4},"end":{"line":152,"column":45}},"26":{"start":{"line":153,"column":4},"end":{"line":153,"column":44}},"27":{"start":{"line":155,"column":21},"end":{"line":155,"column":48}},"28":{"start":{"line":156,"column":4},"end":{"line":158,"column":5}},"29":{"start":{"line":157,"column":6},"end":{"line":157,"column":61}},"30":{"start":{"line":159,"column":4},"end":{"line":159,"column":56}},"31":{"start":{"line":161,"column":4},"end":{"line":161,"column":51}},"32":{"start":{"line":162,"column":4},"end":{"line":165,"column":6}}},"fnMap":{"0":{"name":"resolveStateAbbreviation","decl":{"start":{"line":90,"column":16},"end":{"line":90,"column":40}},"loc":{"start":{"line":90,"column":54},"end":{"line":96,"column":1}}},"1":{"name":"getStateElectionWebsite","decl":{"start":{"line":101,"column":16},"end":{"line":101,"column":39}},"loc":{"start":{"line":101,"column":57},"end":{"line":103,"column":1}}},"2":{"name":"resolveJurisdiction","decl":{"start":{"line":109,"column":22},"end":{"line":109,"column":41}},"loc":{"start":{"line":110,"column":17},"end":{"line":129,"column":1}}},"3":{"name":"(anonymous_3)","decl":{"start":{"line":113,"column":39},"end":{"line":113,"column":40}},"loc":{"start":{"line":113,"column":46},"end":{"line":113,"column":54}}},"4":{"name":"fetchCivicData","decl":{"start":{"line":135,"column":22},"end":{"line":135,"column":36}},"loc":{"start":{"line":136,"column":17},"end":{"line":167,"column":1}}}},"branchMap":{"0":{"loc":{"start":{"line":92,"column":2},"end":{"line":94,"column":3}},"type":"if","locations":[{"start":{"line":92,"column":2},"end":{"line":94,"column":3}},{"start":{},"end":{}}]},"1":{"loc":{"start":{"line":92,"column":6},"end":{"line":92,"column":63}},"type":"binary-expr","locations":[{"start":{"line":92,"column":6},"end":{"line":92,"column":29}},{"start":{"line":92,"column":33},"end":{"line":92,"column":63}}]},"2":{"loc":{"start":{"line":95,"column":9},"end":{"line":95,"column":75}},"type":"binary-expr","locations":[{"start":{"line":95,"column":9},"end":{"line":95,"column":40}},{"start":{"line":95,"column":44},"end":{"line":95,"column":75}}]},"3":{"loc":{"start":{"line":102,"column":9},"end":{"line":102,"column":80}},"type":"binary-expr","locations":[{"start":{"line":102,"column":9},"end":{"line":102,"column":54}},{"start":{"line":102,"column":58},"end":{"line":102,"column":80}}]},"4":{"loc":{"start":{"line":114,"column":20},"end":{"line":114,"column":82}},"type":"cond-expr","locations":[{"start":{"line":114,"column":40},"end":{"line":114,"column":77}},{"start":{"line":114,"column":80},"end":{"line":114,"column":82}}]},"5":{"loc":{"start":{"line":115,"column":45},"end":{"line":115,"column":62}},"type":"binary-expr","locations":[{"start":{"line":115,"column":45},"end":{"line":115,"column":54}},{"start":{"line":115,"column":58},"end":{"line":115,"column":62}}]},"6":{"loc":{"start":{"line":116,"column":17},"end":{"line":116,"column":79}},"type":"cond-expr","locations":[{"start":{"line":116,"column":37},"end":{"line":116,"column":60}},{"start":{"line":116,"column":63},"end":{"line":116,"column":79}}]},"7":{"loc":{"start":{"line":140,"column":2},"end":{"line":147,"column":3}},"type":"if","locations":[{"start":{"line":140,"column":2},"end":{"line":147,"column":3}},{"start":{},"end":{}}]},"8":{"loc":{"start":{"line":156,"column":4},"end":{"line":158,"column":5}},"type":"if","locations":[{"start":{"line":156,"column":4},"end":{"line":158,"column":5}},{"start":{},"end":{}}]}},"s":{"0":1,"1":1,"2":1,"3":1,"4":1,"5":1,"6":4,"7":4,"8":4,"9":0,"10":4,"11":4,"12":9,"13":4,"14":4,"15":4,"16":4,"17":4,"18":0,"19":0,"20":0,"21":0,"22":0,"23":0,"24":0,"25":0,"26":0,"27":0,"28":0,"29":0,"30":0,"31":0,"32":0},"f":{"0":4,"1":4,"2":4,"3":9,"4":0},"b":{"0":[4,0],"1":[4,4],"2":[0,0],"3":[4,1],"4":[3,1],"5":[4,1],"6":[3,1],"7":[0,0],"8":[0,0]}}
,"C:\\Users\\acer\\Documents\\CIVIC-COMPASS\\backend\\src\\services\\confidenceService.ts": {"path":"C:\\Users\\acer\\Documents\\CIVIC-COMPASS\\backend\\src\\services\\confidenceService.ts","statementMap":{"0":{"start":{"line":26,"column":0},"end":{"line":26,"column":16}},"1":{"start":{"line":78,"column":0},"end":{"line":78,"column":16}},"2":{"start":{"line":135,"column":0},"end":{"line":135,"column":16}},"3":{"start":{"line":29,"column":2},"end":{"line":31,"column":3}},"4":{"start":{"line":30,"column":4},"end":{"line":30,"column":38}},"5":{"start":{"line":33,"column":57},"end":{"line":33,"column":59}},"6":{"start":{"line":34,"column":14},"end":{"line":34,"column":16}},"7":{"start":{"line":37,"column":17},"end":{"line":37,"column":56}},"8":{"start":{"line":38,"column":2},"end":{"line":54,"column":3}},"9":{"start":{"line":39,"column":4},"end":{"line":53,"column":5}},"10":{"start":{"line":40,"column":6},"end":{"line":43,"column":9}},"11":{"start":{"line":46,"column":6},"end":{"line":52,"column":7}},"12":{"start":{"line":47,"column":8},"end":{"line":47,"column":20}},"13":{"start":{"line":48,"column":13},"end":{"line":52,"column":7}},"14":{"start":{"line":49,"column":8},"end":{"line":49,"column":20}},"15":{"start":{"line":51,"column":8},"end":{"line":51,"column":19}},"16":{"start":{"line":57,"column":18},"end":{"line":57,"column":59}},"17":{"start":{"line":58,"column":2},"end":{"line":64,"column":3}},"18":{"start":{"line":59,"column":26},"end":{"line":62,"column":22}},"19":{"start":{"line":60,"column":31},"end":{"line":60,"column":61}},"20":{"start":{"line":63,"column":4},"end":{"line":63,"column":44}},"21":{"start":{"line":67,"column":2},"end":{"line":69,"column":3}},"22":{"start":{"line":68,"column":4},"end":{"line":68,"column":15}},"23":{"start":{"line":71,"column":2},"end":{"line":71,"column":50}},"24":{"start":{"line":82,"column":29},"end":{"line":82,"column":31}},"25":{"start":{"line":83,"column":23},"end":{"line":83,"column":24}},"26":{"start":{"line":84,"column":25},"end":{"line":84,"column":26}},"27":{"start":{"line":87,"column":22},"end":{"line":87,"column":76}},"28":{"start":{"line":88,"column":26},"end":{"line":88,"column":63}},"29":{"start":{"line":90,"column":21},"end":{"line":98,"column":19}},"30":{"start":{"line":100,"column":2},"end":{"line":107,"column":3}},"31":{"start":{"line":101,"column":20},"end":{"line":101,"column":68}},"32":{"start":{"line":101,"column":43},"end":{"line":101,"column":67}},"33":{"start":{"line":102,"column":4},"end":{"line":106,"column":5}},"34":{"start":{"line":103,"column":6},"end":{"line":103,"column":23}},"35":{"start":{"line":105,"column":6},"end":{"line":105,"column":25}},"36":{"start":{"line":109,"column":2},"end":{"line":113,"column":3}},"37":{"start":{"line":110,"column":4},"end":{"line":112,"column":6}},"38":{"start":{"line":116,"column":2},"end":{"line":127,"column":3}},"39":{"start":{"line":117,"column":23},"end":{"line":117,"column":64}},"40":{"start":{"line":118,"column":24},"end":{"line":118,"column":65}},"41":{"start":{"line":119,"column":24},"end":{"line":120,"column":null}},"42":{"start":{"line":120,"column":13},"end":{"line":120,"column":98}},"43":{"start":{"line":122,"column":4},"end":{"line":126,"column":5}},"44":{"start":{"line":123,"column":6},"end":{"line":125,"column":8}},"45":{"start":{"line":129,"column":2},"end":{"line":129,"column":56}},"46":{"start":{"line":140,"column":45},"end":{"line":140,"column":86}},"47":{"start":{"line":142,"column":24},"end":{"line":142,"column":92}},"48":{"start":{"line":143,"column":2},"end":{"line":145,"column":3}},"49":{"start":{"line":144,"column":4},"end":{"line":144,"column":67}},"50":{"start":{"line":148,"column":19},"end":{"line":148,"column":33}},"51":{"start":{"line":149,"column":2},"end":{"line":151,"column":3}},"52":{"start":{"line":150,"column":4},"end":{"line":150,"column":48}},"53":{"start":{"line":152,"column":2},"end":{"line":154,"column":3}},"54":{"start":{"line":153,"column":4},"end":{"line":153,"column":47}},"55":{"start":{"line":156,"column":2},"end":{"line":163,"column":4}}},"fnMap":{"0":{"name":"scoreGroundingMetadata","decl":{"start":{"line":26,"column":16},"end":{"line":26,"column":38}},"loc":{"start":{"line":27,"column":24},"end":{"line":72,"column":1}}},"1":{"name":"(anonymous_1)","decl":{"start":{"line":60,"column":6},"end":{"line":60,"column":7}},"loc":{"start":{"line":60,"column":31},"end":{"line":60,"column":61}}},"2":{"name":"crossValidateResponse","decl":{"start":{"line":78,"column":16},"end":{"line":78,"column":37}},"loc":{"start":{"line":80,"column":30},"end":{"line":130,"column":1}}},"3":{"name":"(anonymous_3)","decl":{"start":{"line":101,"column":36},"end":{"line":101,"column":37}},"loc":{"start":{"line":101,"column":43},"end":{"line":101,"column":67}}},"4":{"name":"(anonymous_4)","decl":{"start":{"line":120,"column":6},"end":{"line":120,"column":7}},"loc":{"start":{"line":120,"column":13},"end":{"line":120,"column":98}}},"5":{"name":"assessConfidence","decl":{"start":{"line":135,"column":16},"end":{"line":135,"column":32}},"loc":{"start":{"line":138,"column":31},"end":{"line":164,"column":1}}}},"branchMap":{"0":{"loc":{"start":{"line":29,"column":2},"end":{"line":31,"column":3}},"type":"if","locations":[{"start":{"line":29,"column":2},"end":{"line":31,"column":3}},{"start":{},"end":{}}]},"1":{"loc":{"start":{"line":37,"column":17},"end":{"line":37,"column":56}},"type":"binary-expr","locations":[{"start":{"line":37,"column":17},"end":{"line":37,"column":50}},{"start":{"line":37,"column":54},"end":{"line":37,"column":56}}]},"2":{"loc":{"start":{"line":39,"column":4},"end":{"line":53,"column":5}},"type":"if","locations":[{"start":{"line":39,"column":4},"end":{"line":53,"column":5}},{"start":{},"end":{}}]},"3":{"loc":{"start":{"line":41,"column":15},"end":{"line":41,"column":42}},"type":"binary-expr","locations":[{"start":{"line":41,"column":15},"end":{"line":41,"column":30}},{"start":{"line":41,"column":34},"end":{"line":41,"column":42}}]},"4":{"loc":{"start":{"line":46,"column":6},"end":{"line":52,"column":7}},"type":"if","locations":[{"start":{"line":46,"column":6},"end":{"line":52,"column":7}},{"start":{"line":48,"column":13},"end":{"line":52,"column":7}}]},"5":{"loc":{"start":{"line":48,"column":13},"end":{"line":52,"column":7}},"type":"if","locations":[{"start":{"line":48,"column":13},"end":{"line":52,"column":7}},{"start":{"line":50,"column":13},"end":{"line":52,"column":7}}]},"6":{"loc":{"start":{"line":57,"column":18},"end":{"line":57,"column":59}},"type":"binary-expr","locations":[{"start":{"line":57,"column":18},"end":{"line":57,"column":53}},{"start":{"line":57,"column":57},"end":{"line":57,"column":59}}]},"7":{"loc":{"start":{"line":58,"column":2},"end":{"line":64,"column":3}},"type":"if","locations":[{"start":{"line":58,"column":2},"end":{"line":64,"column":3}},{"start":{},"end":{}}]},"8":{"loc":{"start":{"line":60,"column":38},"end":{"line":60,"column":60}},"type":"binary-expr","locations":[{"start":{"line":60,"column":38},"end":{"line":60,"column":55}},{"start":{"line":60,"column":59},"end":{"line":60,"column":60}}]},"9":{"loc":{"start":{"line":67,"column":2},"end":{"line":69,"column":3}},"type":"if","locations":[{"start":{"line":67,"column":2},"end":{"line":69,"column":3}},{"start":{},"end":{}}]},"10":{"loc":{"start":{"line":88,"column":26},"end":{"line":88,"column":63}},"type":"binary-expr","locations":[{"start":{"line":88,"column":26},"end":{"line":88,"column":57}},{"start":{"line":88,"column":61},"end":{"line":88,"column":63}}]},"11":{"loc":{"start":{"line":101,"column":43},"end":{"line":101,"column":67}},"type":"binary-expr","locations":[{"start":{"line":101,"column":43},"end":{"line":101,"column":44}},{"start":{"line":101,"column":48},"end":{"line":101,"column":67}}]},"12":{"loc":{"start":{"line":102,"column":4},"end":{"line":106,"column":5}},"type":"if","locations":[{"start":{"line":102,"column":4},"end":{"line":106,"column":5}},{"start":{"line":104,"column":11},"end":{"line":106,"column":5}}]},"13":{"loc":{"start":{"line":109,"column":2},"end":{"line":113,"column":3}},"type":"if","locations":[{"start":{"line":109,"column":2},"end":{"line":113,"column":3}},{"start":{},"end":{}}]},"14":{"loc":{"start":{"line":109,"column":6},"end":{"line":109,"column":51}},"type":"binary-expr","locations":[{"start":{"line":109,"column":6},"end":{"line":109,"column":26}},{"start":{"line":109,"column":30},"end":{"line":109,"column":51}}]},"15":{"loc":{"start":{"line":116,"column":2},"end":{"line":127,"column":3}},"type":"if","locations":[{"start":{"line":116,"column":2},"end":{"line":127,"column":3}},{"start":{},"end":{}}]},"16":{"loc":{"start":{"line":118,"column":24},"end":{"line":118,"column":65}},"type":"binary-expr","locations":[{"start":{"line":118,"column":24},"end":{"line":118,"column":59}},{"start":{"line":118,"column":63},"end":{"line":118,"column":65}}]},"17":{"loc":{"start":{"line":120,"column":13},"end":{"line":120,"column":98}},"type":"binary-expr","locations":[{"start":{"line":120,"column":13},"end":{"line":120,"column":32}},{"start":{"line":120,"column":36},"end":{"line":120,"column":56}},{"start":{"line":120,"column":60},"end":{"line":120,"column":70}},{"start":{"line":120,"column":74},"end":{"line":120,"column":84}},{"start":{"line":120,"column":88},"end":{"line":120,"column":98}}]},"18":{"loc":{"start":{"line":122,"column":4},"end":{"line":126,"column":5}},"type":"if","locations":[{"start":{"line":122,"column":4},"end":{"line":126,"column":5}},{"start":{},"end":{}}]},"19":{"loc":{"start":{"line":143,"column":2},"end":{"line":145,"column":3}},"type":"if","locations":[{"start":{"line":143,"column":2},"end":{"line":145,"column":3}},{"start":{},"end":{}}]},"20":{"loc":{"start":{"line":149,"column":2},"end":{"line":151,"column":3}},"type":"if","locations":[{"start":{"line":149,"column":2},"end":{"line":151,"column":3}},{"start":{},"end":{}}]},"21":{"loc":{"start":{"line":152,"column":2},"end":{"line":154,"column":3}},"type":"if","locations":[{"start":{"line":152,"column":2},"end":{"line":154,"column":3}},{"start":{},"end":{}}]}},"s":{"0":1,"1":1,"2":1,"3":5,"4":3,"5":2,"6":2,"7":2,"8":2,"9":3,"10":3,"11":3,"12":2,"13":1,"14":1,"15":0,"16":2,"17":2,"18":1,"19":1,"20":1,"21":2,"22":0,"23":2,"24":5,"25":5,"26":5,"27":5,"28":5,"29":5,"30":5,"31":3,"32":6,"33":3,"34":2,"35":1,"36":5,"37":1,"38":5,"39":5,"40":5,"41":5,"42":2,"43":5,"44":0,"45":5,"46":5,"47":5,"48":5,"49":5,"50":5,"51":5,"52":2,"53":5,"54":1,"55":5},"f":{"0":5,"1":1,"2":5,"3":6,"4":2,"5":5},"b":{"0":[3,2],"1":[2,0],"2":[3,0],"3":[3,3],"4":[2,1],"5":[1,0],"6":[2,1],"7":[1,1],"8":[1,0],"9":[0,2],"10":[5,2],"11":[6,6],"12":[2,1],"13":[1,4],"14":[5,1],"15":[5,0],"16":[5,3],"17":[2,0,0,0,0],"18":[0,5],"19":[5,0],"20":[2,3],"21":[1,4]}}
,"C:\\Users\\acer\\Documents\\CIVIC-COMPASS\\backend\\src\\services\\documentService.ts": {"path":"C:\\Users\\acer\\Documents\\CIVIC-COMPASS\\backend\\src\\services\\documentService.ts","statementMap":{"0":{"start":{"line":24,"column":0},"end":{"line":24,"column":7}},"1":{"start":{"line":88,"column":0},"end":{"line":88,"column":7}},"2":{"start":{"line":149,"column":0},"end":{"line":149,"column":7}},"3":{"start":{"line":188,"column":0},"end":{"line":188,"column":16}},"4":{"start":{"line":11,"column":0},"end":{"line":11,"column":58}},"5":{"start":{"line":28,"column":17},"end":{"line":28,"column":34}},"6":{"start":{"line":30,"column":2},"end":{"line":81,"column":3}},"7":{"start":{"line":31,"column":23},"end":{"line":31,"column":52}},"8":{"start":{"line":33,"column":21},"end":{"line":62,"column":6}},"9":{"start":{"line":64,"column":17},"end":{"line":67,"column":21}},"10":{"start":{"line":65,"column":27},"end":{"line":65,"column":33}},"11":{"start":{"line":66,"column":23},"end":{"line":66,"column":29}},"12":{"start":{"line":70,"column":27},"end":{"line":70,"column":69}},"13":{"start":{"line":72,"column":4},"end":{"line":77,"column":6}},"14":{"start":{"line":79,"column":4},"end":{"line":79,"column":72}},"15":{"start":{"line":80,"column":4},"end":{"line":80,"column":16}},"16":{"start":{"line":91,"column":17},"end":{"line":91,"column":43}},"17":{"start":{"line":93,"column":2},"end":{"line":95,"column":3}},"18":{"start":{"line":94,"column":4},"end":{"line":94,"column":65}},"19":{"start":{"line":98,"column":17},"end":{"line":98,"column":34}},"20":{"start":{"line":100,"column":2},"end":{"line":140,"column":3}},"21":{"start":{"line":101,"column":23},"end":{"line":101,"column":52}},"22":{"start":{"line":103,"column":21},"end":{"line":124,"column":6}},"23":{"start":{"line":126,"column":17},"end":{"line":129,"column":21}},"24":{"start":{"line":127,"column":27},"end":{"line":127,"column":33}},"25":{"start":{"line":128,"column":23},"end":{"line":128,"column":29}},"26":{"start":{"line":131,"column":4},"end":{"line":136,"column":6}},"27":{"start":{"line":138,"column":4},"end":{"line":138,"column":70}},"28":{"start":{"line":139,"column":4},"end":{"line":139,"column":16}},"29":{"start":{"line":154,"column":2},"end":{"line":162,"column":3}},"30":{"start":{"line":155,"column":19},"end":{"line":155,"column":72}},"31":{"start":{"line":156,"column":4},"end":{"line":159,"column":5}},"32":{"start":{"line":157,"column":6},"end":{"line":157,"column":75}},"33":{"start":{"line":158,"column":6},"end":{"line":158,"column":20}},"34":{"start":{"line":161,"column":4},"end":{"line":161,"column":86}},"35":{"start":{"line":165,"column":2},"end":{"line":173,"column":3}},"36":{"start":{"line":166,"column":19},"end":{"line":166,"column":62}},"37":{"start":{"line":167,"column":4},"end":{"line":170,"column":5}},"38":{"start":{"line":168,"column":6},"end":{"line":168,"column":66}},"39":{"start":{"line":169,"column":6},"end":{"line":169,"column":20}},"40":{"start":{"line":172,"column":4},"end":{"line":172,"column":62}},"41":{"start":{"line":176,"column":2},"end":{"line":181,"column":4}},"42":{"start":{"line":192,"column":2},"end":{"line":192,"column":57}},"43":{"start":{"line":192,"column":39},"end":{"line":192,"column":57}},"44":{"start":{"line":194,"column":19},"end":{"line":194,"column":104}},"45":{"start":{"line":196,"column":27},"end":{"line":196,"column":29}},"46":{"start":{"line":197,"column":21},"end":{"line":197,"column":23}},"47":{"start":{"line":199,"column":2},"end":{"line":206,"column":3}},"48":{"start":{"line":200,"column":4},"end":{"line":205,"column":5}},"49":{"start":{"line":201,"column":6},"end":{"line":201,"column":39}},"50":{"start":{"line":202,"column":6},"end":{"line":202,"column":29}},"51":{"start":{"line":204,"column":6},"end":{"line":204,"column":37}},"52":{"start":{"line":208,"column":2},"end":{"line":210,"column":3}},"53":{"start":{"line":209,"column":4},"end":{"line":209,"column":37}},"54":{"start":{"line":212,"column":2},"end":{"line":212,"column":16}}},"fnMap":{"0":{"name":"processDocumentWithGemini","decl":{"start":{"line":24,"column":22},"end":{"line":24,"column":47}},"loc":{"start":{"line":26,"column":38},"end":{"line":82,"column":1}}},"1":{"name":"(anonymous_1)","decl":{"start":{"line":65,"column":15},"end":{"line":65,"column":16}},"loc":{"start":{"line":65,"column":27},"end":{"line":65,"column":33}}},"2":{"name":"(anonymous_2)","decl":{"start":{"line":66,"column":11},"end":{"line":66,"column":12}},"loc":{"start":{"line":66,"column":23},"end":{"line":66,"column":29}}},"3":{"name":"processDocumentWithVision","decl":{"start":{"line":88,"column":22},"end":{"line":88,"column":47}},"loc":{"start":{"line":89,"column":20},"end":{"line":141,"column":1}}},"4":{"name":"(anonymous_4)","decl":{"start":{"line":127,"column":15},"end":{"line":127,"column":16}},"loc":{"start":{"line":127,"column":27},"end":{"line":127,"column":33}}},"5":{"name":"(anonymous_5)","decl":{"start":{"line":128,"column":11},"end":{"line":128,"column":12}},"loc":{"start":{"line":128,"column":23},"end":{"line":128,"column":29}}},"6":{"name":"processDocument","decl":{"start":{"line":149,"column":22},"end":{"line":149,"column":37}},"loc":{"start":{"line":151,"column":38},"end":{"line":182,"column":1}}},"7":{"name":"chunkBallotText","decl":{"start":{"line":188,"column":16},"end":{"line":188,"column":31}},"loc":{"start":{"line":190,"column":29},"end":{"line":213,"column":1}}}},"branchMap":{"0":{"loc":{"start":{"line":26,"column":2},"end":{"line":26,"column":38}},"type":"default-arg","locations":[{"start":{"line":26,"column":21},"end":{"line":26,"column":38}}]},"1":{"loc":{"start":{"line":64,"column":17},"end":{"line":67,"column":21}},"type":"binary-expr","locations":[{"start":{"line":64,"column":17},"end":{"line":67,"column":15}},{"start":{"line":67,"column":19},"end":{"line":67,"column":21}}]},"2":{"loc":{"start":{"line":76,"column":18},"end":{"line":76,"column":45}},"type":"cond-expr","locations":[{"start":{"line":76,"column":38},"end":{"line":76,"column":40}},{"start":{"line":76,"column":43},"end":{"line":76,"column":45}}]},"3":{"loc":{"start":{"line":93,"column":2},"end":{"line":95,"column":3}},"type":"if","locations":[{"start":{"line":93,"column":2},"end":{"line":95,"column":3}},{"start":{},"end":{}}]},"4":{"loc":{"start":{"line":126,"column":17},"end":{"line":129,"column":21}},"type":"binary-expr","locations":[{"start":{"line":126,"column":17},"end":{"line":129,"column":15}},{"start":{"line":129,"column":19},"end":{"line":129,"column":21}}]},"5":{"loc":{"start":{"line":135,"column":18},"end":{"line":135,"column":44}},"type":"cond-expr","locations":[{"start":{"line":135,"column":37},"end":{"line":135,"column":39}},{"start":{"line":135,"column":42},"end":{"line":135,"column":44}}]},"6":{"loc":{"start":{"line":151,"column":2},"end":{"line":151,"column":38}},"type":"default-arg","locations":[{"start":{"line":151,"column":21},"end":{"line":151,"column":38}}]},"7":{"loc":{"start":{"line":156,"column":4},"end":{"line":159,"column":5}},"type":"if","locations":[{"start":{"line":156,"column":4},"end":{"line":159,"column":5}},{"start":{},"end":{}}]},"8":{"loc":{"start":{"line":167,"column":4},"end":{"line":170,"column":5}},"type":"if","locations":[{"start":{"line":167,"column":4},"end":{"line":170,"column":5}},{"start":{},"end":{}}]},"9":{"loc":{"start":{"line":190,"column":2},"end":{"line":190,"column":29}},"type":"default-arg","locations":[{"start":{"line":190,"column":25},"end":{"line":190,"column":29}}]},"10":{"loc":{"start":{"line":192,"column":2},"end":{"line":192,"column":57}},"type":"if","locations":[{"start":{"line":192,"column":2},"end":{"line":192,"column":57}},{"start":{},"end":{}}]},"11":{"loc":{"start":{"line":200,"column":4},"end":{"line":205,"column":5}},"type":"if","locations":[{"start":{"line":200,"column":4},"end":{"line":205,"column":5}},{"start":{"line":203,"column":11},"end":{"line":205,"column":5}}]},"12":{"loc":{"start":{"line":200,"column":8},"end":{"line":200,"column":86}},"type":"binary-expr","locations":[{"start":{"line":200,"column":8},"end":{"line":200,"column":59}},{"start":{"line":200,"column":63},"end":{"line":200,"column":86}}]},"13":{"loc":{"start":{"line":208,"column":2},"end":{"line":210,"column":3}},"type":"if","locations":[{"start":{"line":208,"column":2},"end":{"line":210,"column":3}},{"start":{},"end":{}}]}},"s":{"0":1,"1":1,"2":1,"3":1,"4":1,"5":0,"6":0,"7":0,"8":0,"9":0,"10":0,"11":0,"12":0,"13":0,"14":0,"15":0,"16":0,"17":0,"18":0,"19":0,"20":0,"21":0,"22":0,"23":0,"24":0,"25":0,"26":0,"27":0,"28":0,"29":0,"30":0,"31":0,"32":0,"33":0,"34":0,"35":0,"36":0,"37":0,"38":0,"39":0,"40":0,"41":0,"42":5,"43":1,"44":4,"45":4,"46":4,"47":4,"48":8,"49":4,"50":4,"51":4,"52":4,"53":4,"54":4},"f":{"0":0,"1":0,"2":0,"3":0,"4":0,"5":0,"6":0,"7":5},"b":{"0":[0],"1":[0,0],"2":[0,0],"3":[0,0],"4":[0,0],"5":[0,0],"6":[0],"7":[0,0],"8":[0,0],"9":[1],"10":[1,4],"11":[4,4],"12":[8,8],"13":[4,0]}}
,"C:\\Users\\acer\\Documents\\CIVIC-COMPASS\\backend\\src\\services\\geminiService.ts": {"path":"C:\\Users\\acer\\Documents\\CIVIC-COMPASS\\backend\\src\\services\\geminiService.ts","statementMap":{"0":{"start":{"line":46,"column":0},"end":{"line":46,"column":16}},"1":{"start":{"line":130,"column":0},"end":{"line":130,"column":7}},"2":{"start":{"line":195,"column":0},"end":{"line":195,"column":7}},"3":{"start":{"line":244,"column":0},"end":{"line":244,"column":7}},"4":{"start":{"line":1,"column":0},"end":{"line":1,"column":44}},"5":{"start":{"line":27,"column":22},"end":{"line":27,"column":95}},"6":{"start":{"line":29,"column":2},"end":{"line":35,"column":3}},"7":{"start":{"line":30,"column":4},"end":{"line":34,"column":7}},"8":{"start":{"line":37,"column":2},"end":{"line":39,"column":3}},"9":{"start":{"line":38,"column":4},"end":{"line":38,"column":77}},"10":{"start":{"line":41,"column":2},"end":{"line":41,"column":65}},"11":{"start":{"line":44,"column":34},"end":{"line":44,"column":38}},"12":{"start":{"line":47,"column":2},"end":{"line":49,"column":3}},"13":{"start":{"line":48,"column":4},"end":{"line":48,"column":29}},"14":{"start":{"line":50,"column":2},"end":{"line":50,"column":17}},"15":{"start":{"line":55,"column":13},"end":{"line":64,"column":11}},"16":{"start":{"line":72,"column":13},"end":{"line":81,"column":11}},"17":{"start":{"line":89,"column":13},"end":{"line":94,"column":11}},"18":{"start":{"line":133,"column":17},"end":{"line":133,"column":34}},"19":{"start":{"line":134,"column":16},"end":{"line":134,"column":45}},"20":{"start":{"line":137,"column":23},"end":{"line":137,"column":25}},"21":{"start":{"line":138,"column":2},"end":{"line":138,"column":72}},"22":{"start":{"line":138,"column":31},"end":{"line":138,"column":72}},"23":{"start":{"line":139,"column":2},"end":{"line":139,"column":68}},"24":{"start":{"line":139,"column":29},"end":{"line":139,"column":68}},"25":{"start":{"line":140,"column":2},"end":{"line":142,"column":3}},"26":{"start":{"line":141,"column":4},"end":{"line":141,"column":71}},"27":{"start":{"line":145,"column":22},"end":{"line":150,"column":4}},"28":{"start":{"line":152,"column":2},"end":{"line":152,"column":45}},"29":{"start":{"line":152,"column":24},"end":{"line":152,"column":45}},"30":{"start":{"line":154,"column":2},"end":{"line":157,"column":3}},"31":{"start":{"line":155,"column":4},"end":{"line":155,"column":49}},"32":{"start":{"line":156,"column":4},"end":{"line":156,"column":59}},"33":{"start":{"line":159,"column":19},"end":{"line":163,"column":4}},"34":{"start":{"line":166,"column":20},"end":{"line":166,"column":44}},"35":{"start":{"line":167,"column":16},"end":{"line":167,"column":47}},"36":{"start":{"line":168,"column":20},"end":{"line":168,"column":52}},"37":{"start":{"line":168,"column":45},"end":{"line":168,"column":51}},"38":{"start":{"line":169,"column":15},"end":{"line":169,"column":57}},"39":{"start":{"line":169,"column":41},"end":{"line":169,"column":47}},"40":{"start":{"line":172,"column":27},"end":{"line":172,"column":87}},"41":{"start":{"line":172,"column":50},"end":{"line":172,"column":68}},"42":{"start":{"line":175,"column":24},"end":{"line":180,"column":5}},"43":{"start":{"line":175,"column":49},"end":{"line":175,"column":63}},"44":{"start":{"line":175,"column":82},"end":{"line":180,"column":4}},"45":{"start":{"line":183,"column":28},"end":{"line":183,"column":56}},"46":{"start":{"line":185,"column":2},"end":{"line":190,"column":4}},"47":{"start":{"line":198,"column":17},"end":{"line":198,"column":34}},"48":{"start":{"line":199,"column":16},"end":{"line":199,"column":45}},"49":{"start":{"line":202,"column":23},"end":{"line":202,"column":25}},"50":{"start":{"line":203,"column":2},"end":{"line":203,"column":72}},"51":{"start":{"line":203,"column":31},"end":{"line":203,"column":72}},"52":{"start":{"line":204,"column":2},"end":{"line":204,"column":68}},"53":{"start":{"line":204,"column":29},"end":{"line":204,"column":68}},"54":{"start":{"line":205,"column":2},"end":{"line":207,"column":3}},"55":{"start":{"line":206,"column":4},"end":{"line":206,"column":71}},"56":{"start":{"line":209,"column":22},"end":{"line":214,"column":4}},"57":{"start":{"line":216,"column":2},"end":{"line":216,"column":45}},"58":{"start":{"line":216,"column":24},"end":{"line":216,"column":45}},"59":{"start":{"line":218,"column":19},"end":{"line":222,"column":4}},"60":{"start":{"line":226,"column":2},"end":{"line":237,"column":3}},"61":{"start":{"line":227,"column":18},"end":{"line":227,"column":61}},"62":{"start":{"line":229,"column":4},"end":{"line":236,"column":5}},"63":{"start":{"line":230,"column":6},"end":{"line":232,"column":7}},"64":{"start":{"line":231,"column":8},"end":{"line":231,"column":62}},"65":{"start":{"line":233,"column":6},"end":{"line":235,"column":7}},"66":{"start":{"line":234,"column":8},"end":{"line":234,"column":43}},"67":{"start":{"line":239,"column":2},"end":{"line":239,"column":63}},"68":{"start":{"line":245,"column":17},"end":{"line":245,"column":34}},"69":{"start":{"line":247,"column":19},"end":{"line":250,"column":4}},"70":{"start":{"line":252,"column":2},"end":{"line":252,"column":51}}},"fnMap":{"0":{"name":"createClient","decl":{"start":{"line":26,"column":9},"end":{"line":26,"column":21}},"loc":{"start":{"line":26,"column":21},"end":{"line":42,"column":1}}},"1":{"name":"getGeminiClient","decl":{"start":{"line":46,"column":16},"end":{"line":46,"column":31}},"loc":{"start":{"line":46,"column":31},"end":{"line":51,"column":1}}},"2":{"name":"generateContent","decl":{"start":{"line":130,"column":22},"end":{"line":130,"column":37}},"loc":{"start":{"line":131,"column":28},"end":{"line":191,"column":1}}},"3":{"name":"(anonymous_3)","decl":{"start":{"line":168,"column":33},"end":{"line":168,"column":34}},"loc":{"start":{"line":168,"column":45},"end":{"line":168,"column":51}}},"4":{"name":"(anonymous_4)","decl":{"start":{"line":169,"column":29},"end":{"line":169,"column":30}},"loc":{"start":{"line":169,"column":41},"end":{"line":169,"column":47}}},"5":{"name":"(anonymous_5)","decl":{"start":{"line":172,"column":38},"end":{"line":172,"column":39}},"loc":{"start":{"line":172,"column":50},"end":{"line":172,"column":68}}},"6":{"name":"(anonymous_6)","decl":{"start":{"line":175,"column":37},"end":{"line":175,"column":38}},"loc":{"start":{"line":175,"column":49},"end":{"line":175,"column":63}}},"7":{"name":"(anonymous_7)","decl":{"start":{"line":175,"column":69},"end":{"line":175,"column":70}},"loc":{"start":{"line":175,"column":82},"end":{"line":180,"column":4}}},"8":{"name":"streamContent","decl":{"start":{"line":195,"column":23},"end":{"line":195,"column":36}},"loc":{"start":{"line":196,"column":28},"end":{"line":240,"column":1}}},"9":{"name":"generateEmbedding","decl":{"start":{"line":244,"column":22},"end":{"line":244,"column":39}},"loc":{"start":{"line":244,"column":52},"end":{"line":253,"column":1}}}},"branchMap":{"0":{"loc":{"start":{"line":27,"column":22},"end":{"line":27,"column":95}},"type":"binary-expr","locations":[{"start":{"line":27,"column":22},"end":{"line":27,"column":54}},{"start":{"line":27,"column":58},"end":{"line":27,"column":95}}]},"1":{"loc":{"start":{"line":29,"column":2},"end":{"line":35,"column":3}},"type":"if","locations":[{"start":{"line":29,"column":2},"end":{"line":35,"column":3}},{"start":{},"end":{}}]},"2":{"loc":{"start":{"line":33,"column":16},"end":{"line":33,"column":63}},"type":"binary-expr","locations":[{"start":{"line":33,"column":16},"end":{"line":33,"column":46}},{"start":{"line":33,"column":50},"end":{"line":33,"column":63}}]},"3":{"loc":{"start":{"line":37,"column":2},"end":{"line":39,"column":3}},"type":"if","locations":[{"start":{"line":37,"column":2},"end":{"line":39,"column":3}},{"start":{},"end":{}}]},"4":{"loc":{"start":{"line":47,"column":2},"end":{"line":49,"column":3}},"type":"if","locations":[{"start":{"line":47,"column":2},"end":{"line":49,"column":3}},{"start":{},"end":{}}]},"5":{"loc":{"start":{"line":134,"column":16},"end":{"line":134,"column":45}},"type":"binary-expr","locations":[{"start":{"line":134,"column":16},"end":{"line":134,"column":29}},{"start":{"line":134,"column":33},"end":{"line":134,"column":45}}]},"6":{"loc":{"start":{"line":138,"column":2},"end":{"line":138,"column":72}},"type":"if","locations":[{"start":{"line":138,"column":2},"end":{"line":138,"column":72}},{"start":{},"end":{}}]},"7":{"loc":{"start":{"line":139,"column":2},"end":{"line":139,"column":68}},"type":"if","locations":[{"start":{"line":139,"column":2},"end":{"line":139,"column":68}},{"start":{},"end":{}}]},"8":{"loc":{"start":{"line":140,"column":2},"end":{"line":142,"column":3}},"type":"if","locations":[{"start":{"line":140,"column":2},"end":{"line":142,"column":3}},{"start":{},"end":{}}]},"9":{"loc":{"start":{"line":148,"column":21},"end":{"line":148,"column":54}},"type":"binary-expr","locations":[{"start":{"line":148,"column":21},"end":{"line":148,"column":42}},{"start":{"line":148,"column":46},"end":{"line":148,"column":54}}]},"10":{"loc":{"start":{"line":152,"column":2},"end":{"line":152,"column":45}},"type":"if","locations":[{"start":{"line":152,"column":2},"end":{"line":152,"column":45}},{"start":{},"end":{}}]},"11":{"loc":{"start":{"line":154,"column":2},"end":{"line":157,"column":3}},"type":"if","locations":[{"start":{"line":154,"column":2},"end":{"line":157,"column":3}},{"start":{},"end":{}}]},"12":{"loc":{"start":{"line":167,"column":16},"end":{"line":167,"column":47}},"type":"binary-expr","locations":[{"start":{"line":167,"column":16},"end":{"line":167,"column":41}},{"start":{"line":167,"column":45},"end":{"line":167,"column":47}}]},"13":{"loc":{"start":{"line":189,"column":19},"end":{"line":189,"column":71}},"type":"cond-expr","locations":[{"start":{"line":189,"column":46},"end":{"line":189,"column":59}},{"start":{"line":189,"column":62},"end":{"line":189,"column":71}}]},"14":{"loc":{"start":{"line":199,"column":16},"end":{"line":199,"column":45}},"type":"binary-expr","locations":[{"start":{"line":199,"column":16},"end":{"line":199,"column":29}},{"start":{"line":199,"column":33},"end":{"line":199,"column":45}}]},"15":{"loc":{"start":{"line":203,"column":2},"end":{"line":203,"column":72}},"type":"if","locations":[{"start":{"line":203,"column":2},"end":{"line":203,"column":72}},{"start":{},"end":{}}]},"16":{"loc":{"start":{"line":204,"column":2},"end":{"line":204,"column":68}},"type":"if","locations":[{"start":{"line":204,"column":2},"end":{"line":204,"column":68}},{"start":{},"end":{}}]},"17":{"loc":{"start":{"line":205,"column":2},"end":{"line":207,"column":3}},"type":"if","locations":[{"start":{"line":205,"column":2},"end":{"line":207,"column":3}},{"start":{},"end":{}}]},"18":{"loc":{"start":{"line":212,"column":21},"end":{"line":212,"column":54}},"type":"binary-expr","locations":[{"start":{"line":212,"column":21},"end":{"line":212,"column":42}},{"start":{"line":212,"column":46},"end":{"line":212,"column":54}}]},"19":{"loc":{"start":{"line":216,"column":2},"end":{"line":216,"column":45}},"type":"if","locations":[{"start":{"line":216,"column":2},"end":{"line":216,"column":45}},{"start":{},"end":{}}]},"20":{"loc":{"start":{"line":227,"column":18},"end":{"line":227,"column":61}},"type":"binary-expr","locations":[{"start":{"line":227,"column":18},"end":{"line":227,"column":55}},{"start":{"line":227,"column":59},"end":{"line":227,"column":61}}]},"21":{"loc":{"start":{"line":230,"column":6},"end":{"line":232,"column":7}},"type":"if","locations":[{"start":{"line":230,"column":6},"end":{"line":232,"column":7}},{"start":{},"end":{}}]},"22":{"loc":{"start":{"line":233,"column":6},"end":{"line":235,"column":7}},"type":"if","locations":[{"start":{"line":233,"column":6},"end":{"line":235,"column":7}},{"start":{},"end":{}}]},"23":{"loc":{"start":{"line":252,"column":10},"end":{"line":252,"column":50}},"type":"binary-expr","locations":[{"start":{"line":252,"column":10},"end":{"line":252,"column":44}},{"start":{"line":252,"column":48},"end":{"line":252,"column":50}}]}},"s":{"0":1,"1":1,"2":1,"3":1,"4":1,"5":0,"6":0,"7":0,"8":0,"9":0,"10":0,"11":1,"12":0,"13":0,"14":0,"15":1,"16":1,"17":1,"18":0,"19":0,"20":0,"21":0,"22":0,"23":0,"24":0,"25":0,"26":0,"27":0,"28":0,"29":0,"30":0,"31":0,"32":0,"33":0,"34":0,"35":0,"36":0,"37":0,"38":0,"39":0,"40":0,"41":0,"42":0,"43":0,"44":0,"45":0,"46":0,"47":0,"48":0,"49":0,"50":0,"51":0,"52":0,"53":0,"54":0,"55":0,"56":0,"57":0,"58":0,"59":0,"60":0,"61":0,"62":0,"63":0,"64":0,"65":0,"66":0,"67":0,"68":0,"69":0,"70":0},"f":{"0":0,"1":0,"2":0,"3":0,"4":0,"5":0,"6":0,"7":0,"8":0,"9":0},"b":{"0":[0,0],"1":[0,0],"2":[0,0],"3":[0,0],"4":[0,0],"5":[0,0],"6":[0,0],"7":[0,0],"8":[0,0],"9":[0,0],"10":[0,0],"11":[0,0],"12":[0,0],"13":[0,0],"14":[0,0],"15":[0,0],"16":[0,0],"17":[0,0],"18":[0,0],"19":[0,0],"20":[0,0],"21":[0,0],"22":[0,0],"23":[0,0]}}
}
