TN:
SF:src\prompts\checklistPrompt.ts
FN:24,buildChecklistPrompt
FNF:1
FNH:1
FNDA:4,buildChecklistPrompt
DA:24,1
DA:29,4
DA:30,4
DA:32,4
LF:4
LH:4
BRDA:27,0,0,4
BRF:1
BRH:1
end_of_record
TN:
SF:src\prompts\factcheckPrompt.ts
FN:16,buildFactcheckPrompt
FNF:1
FNH:1
FNDA:4,buildFactcheckPrompt
DA:16,1
DA:21,4
DA:25,4
LF:3
LH:3
BRDA:19,0,0,4
BRDA:21,1,0,4
BRDA:21,1,1,0
BRF:3
BRH:2
end_of_record
TN:
SF:src\services\civicDataService.ts
FN:90,resolveStateAbbreviation
FN:101,getStateElectionWebsite
FN:109,resolveJurisdiction
FN:113,(anonymous_3)
FN:135,fetchCivicData
FNF:5
FNH:4
FNDA:4,resolveStateAbbreviation
FNDA:4,getStateElectionWebsite
FNDA:4,resolveJurisdiction
FNDA:9,(anonymous_3)
FNDA:0,fetchCivicData
DA:14,1
DA:70,1
DA:90,1
DA:91,4
DA:92,4
DA:93,4
DA:95,0
DA:101,1
DA:102,4
DA:109,1
DA:113,9
DA:114,4
DA:115,4
DA:116,4
DA:117,4
DA:119,4
DA:135,1
DA:138,0
DA:140,0
DA:141,0
DA:142,0
DA:149,0
DA:150,0
DA:151,0
DA:152,0
DA:153,0
DA:155,0
DA:156,0
DA:157,0
DA:159,0
DA:161,0
DA:162,0
LF:32
LH:16
BRDA:92,0,0,4
BRDA:92,0,1,0
BRDA:92,1,0,4
BRDA:92,1,1,4
BRDA:95,2,0,0
BRDA:95,2,1,0
BRDA:102,3,0,4
BRDA:102,3,1,1
BRDA:114,4,0,3
BRDA:114,4,1,1
BRDA:115,5,0,4
BRDA:115,5,1,1
BRDA:116,6,0,3
BRDA:116,6,1,1
BRDA:140,7,0,0
BRDA:140,7,1,0
BRDA:156,8,0,0
BRDA:156,8,1,0
BRF:18
BRH:11
end_of_record
TN:
SF:src\services\confidenceService.ts
FN:26,scoreGroundingMetadata
FN:60,(anonymous_1)
FN:78,crossValidateResponse
FN:101,(anonymous_3)
FN:120,(anonymous_4)
FN:135,assessConfidence
FNF:6
FNH:6
FNDA:5,scoreGroundingMetadata
FNDA:1,(anonymous_1)
FNDA:5,crossValidateResponse
FNDA:6,(anonymous_3)
FNDA:2,(anonymous_4)
FNDA:5,assessConfidence
DA:26,1
DA:29,5
DA:30,3
DA:33,2
DA:34,2
DA:37,2
DA:38,2
DA:39,3
DA:40,3
DA:46,3
DA:47,2
DA:48,1
DA:49,1
DA:51,0
DA:57,2
DA:58,2
DA:59,1
DA:60,1
DA:63,1
DA:67,2
DA:68,0
DA:71,2
DA:78,1
DA:82,5
DA:83,5
DA:84,5
DA:87,5
DA:88,5
DA:90,5
DA:100,5
DA:101,6
DA:102,3
DA:103,2
DA:105,1
DA:109,5
DA:110,1
DA:116,5
DA:117,5
DA:118,5
DA:119,5
DA:120,2
DA:122,5
DA:123,0
DA:129,5
DA:135,1
DA:140,5
DA:142,5
DA:143,5
DA:144,5
DA:148,5
DA:149,5
DA:150,2
DA:152,5
DA:153,1
DA:156,5
LF:55
LH:52
BRDA:29,0,0,3
BRDA:29,0,1,2
BRDA:37,1,0,2
BRDA:37,1,1,0
BRDA:39,2,0,3
BRDA:39,2,1,0
BRDA:41,3,0,3
BRDA:41,3,1,3
BRDA:46,4,0,2
BRDA:46,4,1,1
BRDA:48,5,0,1
BRDA:48,5,1,0
BRDA:57,6,0,2
BRDA:57,6,1,1
BRDA:58,7,0,1
BRDA:58,7,1,1
BRDA:60,8,0,1
BRDA:60,8,1,0
BRDA:67,9,0,0
BRDA:67,9,1,2
BRDA:88,10,0,5
BRDA:88,10,1,2
BRDA:101,11,0,6
BRDA:101,11,1,6
BRDA:102,12,0,2
BRDA:102,12,1,1
BRDA:109,13,0,1
BRDA:109,13,1,4
BRDA:109,14,0,5
BRDA:109,14,1,1
BRDA:116,15,0,5
BRDA:116,15,1,0
BRDA:118,16,0,5
BRDA:118,16,1,3
BRDA:120,17,0,2
BRDA:120,17,1,0
BRDA:120,17,2,0
BRDA:120,17,3,0
BRDA:120,17,4,0
BRDA:122,18,0,0
BRDA:122,18,1,5
BRDA:143,19,0,5
BRDA:143,19,1,0
BRDA:149,20,0,2
BRDA:149,20,1,3
BRDA:152,21,0,1
BRDA:152,21,1,4
BRF:47
BRH:35
end_of_record
TN:
SF:src\services\documentService.ts
FN:24,processDocumentWithGemini
FN:65,(anonymous_1)
FN:66,(anonymous_2)
FN:88,processDocumentWithVision
FN:127,(anonymous_4)
FN:128,(anonymous_5)
FN:149,processDocument
FN:188,chunkBallotText
FNF:8
FNH:1
FNDA:0,processDocumentWithGemini
FNDA:0,(anonymous_1)
FNDA:0,(anonymous_2)
FNDA:0,processDocumentWithVision
FNDA:0,(anonymous_4)
FNDA:0,(anonymous_5)
FNDA:0,processDocument
FNDA:5,chunkBallotText
DA:11,1
DA:24,1
DA:28,0
DA:30,0
DA:31,0
DA:33,0
DA:64,0
DA:65,0
DA:66,0
DA:70,0
DA:72,0
DA:79,0
DA:80,0
DA:88,1
DA:91,0
DA:93,0
DA:94,0
DA:98,0
DA:100,0
DA:101,0
DA:103,0
DA:126,0
DA:127,0
DA:128,0
DA:131,0
DA:138,0
DA:139,0
DA:149,1
DA:154,0
DA:155,0
DA:156,0
DA:157,0
DA:158,0
DA:161,0
DA:165,0
DA:166,0
DA:167,0
DA:168,0
DA:169,0
DA:172,0
DA:176,0
DA:188,1
DA:192,5
DA:194,4
DA:196,4
DA:197,4
DA:199,4
DA:200,8
DA:201,4
DA:202,4
DA:204,4
DA:208,4
DA:209,4
DA:212,4
LF:54
LH:17
BRDA:26,0,0,0
BRDA:64,1,0,0
BRDA:64,1,1,0
BRDA:76,2,0,0
BRDA:76,2,1,0
BRDA:93,3,0,0
BRDA:93,3,1,0
BRDA:126,4,0,0
BRDA:126,4,1,0
BRDA:135,5,0,0
BRDA:135,5,1,0
BRDA:151,6,0,0
BRDA:156,7,0,0
BRDA:156,7,1,0
BRDA:167,8,0,0
BRDA:167,8,1,0
BRDA:190,9,0,1
BRDA:192,10,0,1
BRDA:192,10,1,4
BRDA:200,11,0,4
BRDA:200,11,1,4
BRDA:200,12,0,8
BRDA:200,12,1,8
BRDA:208,13,0,4
BRDA:208,13,1,0
BRF:25
BRH:8
end_of_record
TN:
SF:src\services\geminiService.ts
FN:26,createClient
FN:46,getGeminiClient
FN:130,generateContent
FN:168,(anonymous_3)
FN:169,(anonymous_4)
FN:172,(anonymous_5)
FN:175,(anonymous_6)
FN:175,(anonymous_7)
FN:195,streamContent
FN:244,generateEmbedding
FNF:10
FNH:0
FNDA:0,createClient
FNDA:0,getGeminiClient
FNDA:0,generateContent
FNDA:0,(anonymous_3)
FNDA:0,(anonymous_4)
FNDA:0,(anonymous_5)
FNDA:0,(anonymous_6)
FNDA:0,(anonymous_7)
FNDA:0,streamContent
FNDA:0,generateEmbedding
DA:1,1
DA:27,0
DA:29,0
DA:30,0
DA:37,0
DA:38,0
DA:41,0
DA:44,1
DA:46,1
DA:47,0
DA:48,0
DA:50,0
DA:55,1
DA:72,1
DA:89,1
DA:130,1
DA:133,0
DA:134,0
DA:137,0
DA:138,0
DA:139,0
DA:140,0
DA:141,0
DA:145,0
DA:152,0
DA:154,0
DA:155,0
DA:156,0
DA:159,0
DA:166,0
DA:167,0
DA:168,0
DA:169,0
DA:172,0
DA:175,0
DA:183,0
DA:185,0
DA:195,1
DA:198,0
DA:199,0
DA:202,0
DA:203,0
DA:204,0
DA:205,0
DA:206,0
DA:209,0
DA:216,0
DA:218,0
DA:226,0
DA:227,0
DA:229,0
DA:230,0
DA:231,0
DA:233,0
DA:234,0
DA:239,0
DA:244,1
DA:245,0
DA:247,0
DA:252,0
LF:60
LH:9
BRDA:27,0,0,0
BRDA:27,0,1,0
BRDA:29,1,0,0
BRDA:29,1,1,0
BRDA:33,2,0,0
BRDA:33,2,1,0
BRDA:37,3,0,0
BRDA:37,3,1,0
BRDA:47,4,0,0
BRDA:47,4,1,0
BRDA:134,5,0,0
BRDA:134,5,1,0
BRDA:138,6,0,0
BRDA:138,6,1,0
BRDA:139,7,0,0
BRDA:139,7,1,0
BRDA:140,8,0,0
BRDA:140,8,1,0
BRDA:148,9,0,0
BRDA:148,9,1,0
BRDA:152,10,0,0
BRDA:152,10,1,0
BRDA:154,11,0,0
BRDA:154,11,1,0
BRDA:167,12,0,0
BRDA:167,12,1,0
BRDA:189,13,0,0
BRDA:189,13,1,0
BRDA:199,14,0,0
BRDA:199,14,1,0
BRDA:203,15,0,0
BRDA:203,15,1,0
BRDA:204,16,0,0
BRDA:204,16,1,0
BRDA:205,17,0,0
BRDA:205,17,1,0
BRDA:212,18,0,0
BRDA:212,18,1,0
BRDA:216,19,0,0
BRDA:216,19,1,0
BRDA:227,20,0,0
BRDA:227,20,1,0
BRDA:230,21,0,0
BRDA:230,21,1,0
BRDA:233,22,0,0
BRDA:233,22,1,0
BRDA:252,23,0,0
BRDA:252,23,1,0
BRF:48
BRH:0
end_of_record
